<?xml version="1.0" encoding="UTF-8"?>
<testsuites name="topup" time="203.279" tests="4" failures="3" errors="0">
   <testsuite name="topup" tests="4" failures="3" errors="0" time="203.279" skipped="0" timestamp="2024-02-05 09:27:58" hostname="ASUS VivoBook 14 - PRIMA" id="Test Suites/topup">
      <properties>
         <property name="deviceName" value=""/>
         <property name="devicePlatform" value=""/>
         <property name="logFolder" value="C:\\Users\\ASUS VivoBook 14\\Katalon Studio\\Testing topup resellerindo\\Reports\\20240205_092749\\topup\\20240205_092750"/>
         <property name="logFiles" value="C:\\Users\\ASUS VivoBook 14\\Katalon Studio\\Testing topup resellerindo\\Reports\\20240205_092749\\topup\\20240205_092750\\execution0.log"/>
         <property name="attachments" value="C:\\Users\\ASUS VivoBook 14\\Katalon Studio\\Testing topup resellerindo\\Reports\\20240205_092749\\topup\\20240205_092750\\1707100183904.png, C:\\Users\\ASUS VivoBook 14\\Katalon Studio\\Testing topup resellerindo\\Reports\\20240205_092749\\topup\\20240205_092750\\1707100232930.png, C:\\Users\\ASUS VivoBook 14\\Katalon Studio\\Testing topup resellerindo\\Reports\\20240205_092749\\topup\\20240205_092750\\1707100282090.png"/>
         <property name="hostName" value="ASUS VivoBook 14 - PRIMA"/>
         <property name="os" value="Windows 11 64bit"/>
         <property name="katalonVersion" value="8.6.8.208"/>
         <property name="browser" value="Chrome 121.0.0.0"/>
         <property name="hostAddress" value="192.168.1.15"/>
         <property name="sessionId" value="1493bc8319e3e94d4d8444b7ea8dd022"/>
         <property name="seleniumVersion" value="3.141.59"/>
         <property name="proxyInformation" value="ProxyInformation { proxyOption=NO_PROXY, proxyServerType=HTTP, username=, password=********, proxyServerAddress=, proxyServerPort=0, executionList=&quot;&quot;, isApplyToDesiredCapabilities=true }"/>
         <property name="platform" value="Windows 11"/>
      </properties>
      <testcase name="Test Cases/topup without voucher" time="51.003" classname="Test Cases/topup without voucher" status="PASSED">
         <system-out><![CDATA[2024-02-05 09:27:59 - [TEST_CASE][PASSED] - Test Cases/topup without voucher: Test Cases/topup without voucher

2024-02-05 09:27:59 - [TEST_STEP][PASSED] - openBrowser(""): Browser is opened with url: ''

2024-02-05 09:27:59 - [MESSAGE][INFO] - Starting 'Chrome' driver

2024-02-05 09:27:59 - [MESSAGE][INFO] - Action delay is set to 0 milliseconds

2024-02-05 09:28:01 - [MESSAGE][PASSED] - Browser is opened with url: ''

2024-02-05 09:28:01 - [TEST_STEP][PASSED] - navigateToUrl("https://rs-dev.promosindo.web.id/"): Navigate to 'https://rs-dev.promosindo.web.id/' successfully

2024-02-05 09:28:03 - [MESSAGE][PASSED] - Navigate to 'https://rs-dev.promosindo.web.id/' successfully

2024-02-05 09:28:03 - [TEST_STEP][PASSED] - setText(findTestObject("Object Repository/Page_Resellerindo - Masuk SMM Panel Resellerindo/input_face_username_a"), "primalisti"): Text 'primalisti' is set on object 'Object Repository/Page_Resellerindo - Masuk SMM Panel Resellerindo/input_face_username_a'

2024-02-05 09:28:04 - [MESSAGE][PASSED] - Text 'primalisti' is set on object 'Object Repository/Page_Resellerindo - Masuk SMM Panel Resellerindo/input_face_username_a'

2024-02-05 09:28:04 - [TEST_STEP][PASSED] - setEncryptedText(findTestObject("Object Repository/Page_Resellerindo - Masuk SMM Panel Resellerindo/input_lock_outline_password_a"), "ZxFguJnQseeHukWJJhGuHA=="): Text ****** has been set on object 'Object Repository/Page_Resellerindo - Masuk SMM Panel Resellerindo/input_lock_outline_password_a'

2024-02-05 09:28:05 - [MESSAGE][PASSED] - Text ****** has been set on object 'Object Repository/Page_Resellerindo - Masuk SMM Panel Resellerindo/input_lock_outline_password_a'

2024-02-05 09:28:05 - [TEST_STEP][PASSED] - click(findTestObject("Object Repository/Page_Resellerindo - Masuk SMM Panel Resellerindo/div_Masuk")): Object: 'Object Repository/Page_Resellerindo - Masuk SMM Panel Resellerindo/div_Masuk' is clicked on

2024-02-05 09:28:05 - [MESSAGE][PASSED] - Object: 'Object Repository/Page_Resellerindo - Masuk SMM Panel Resellerindo/div_Masuk' is clicked on

2024-02-05 09:28:05 - [TEST_STEP][PASSED] - click(findTestObject("Object Repository/Page_Dasbor  Resellerindo/button_Close")): Object: 'Object Repository/Page_Dasbor  Resellerindo/button_Close' is clicked on

2024-02-05 09:28:10 - [MESSAGE][PASSED] - Object: 'Object Repository/Page_Dasbor  Resellerindo/button_Close' is clicked on

2024-02-05 09:28:10 - [TEST_STEP][PASSED] - click(findTestObject("Object Repository/Page_Dasbor  Resellerindo/span_")): Object: 'Object Repository/Page_Dasbor  Resellerindo/span_' is clicked on

2024-02-05 09:28:11 - [MESSAGE][PASSED] - Object: 'Object Repository/Page_Dasbor  Resellerindo/span_' is clicked on

2024-02-05 09:28:11 - [TEST_STEP][PASSED] - click(findTestObject("Object Repository/Page_Dasbor  Resellerindo/i_Simpan_fas fa-times")): Object: 'Object Repository/Page_Dasbor  Resellerindo/i_Simpan_fas fa-times' is clicked on

2024-02-05 09:28:12 - [MESSAGE][PASSED] - Object: 'Object Repository/Page_Dasbor  Resellerindo/i_Simpan_fas fa-times' is clicked on

2024-02-05 09:28:12 - [TEST_STEP][PASSED] - click(findTestObject("Object Repository/Page_Dasbor  Resellerindo/p_Tambah Saldo")): Object: 'Object Repository/Page_Dasbor  Resellerindo/p_Tambah Saldo' is clicked on

2024-02-05 09:28:16 - [MESSAGE][PASSED] - Object: 'Object Repository/Page_Dasbor  Resellerindo/p_Tambah Saldo' is clicked on

2024-02-05 09:28:16 - [TEST_STEP][PASSED] - setText(findTestObject("Object Repository/Page_Pembayaran  Resellerindo/input_Rp_nominal"), "10000"): Text '10000' is set on object 'Object Repository/Page_Pembayaran  Resellerindo/input_Rp_nominal'

2024-02-05 09:28:16 - [MESSAGE][PASSED] - Text '10000' is set on object 'Object Repository/Page_Pembayaran  Resellerindo/input_Rp_nominal'

2024-02-05 09:28:16 - [TEST_STEP][PASSED] - click(findTestObject("Object Repository/Page_Pembayaran  Resellerindo/button_Pesan")): Object: 'Object Repository/Page_Pembayaran  Resellerindo/button_Pesan' is clicked on

2024-02-05 09:28:17 - [MESSAGE][PASSED] - Object: 'Object Repository/Page_Pembayaran  Resellerindo/button_Pesan' is clicked on

2024-02-05 09:28:17 - [TEST_STEP][PASSED] - click(findTestObject("Object Repository/Page_Pembayaran  Resellerindo/i_keyboard_arrow_down")): Object: 'Object Repository/Page_Pembayaran  Resellerindo/i_keyboard_arrow_down' is clicked on

2024-02-05 09:28:17 - [MESSAGE][PASSED] - Object: 'Object Repository/Page_Pembayaran  Resellerindo/i_keyboard_arrow_down' is clicked on

2024-02-05 09:28:17 - [TEST_STEP][PASSED] - click(findTestObject("Object Repository/Page_Pembayaran  Resellerindo/i_keyboard_arrow_right")): Object: 'Object Repository/Page_Pembayaran  Resellerindo/i_keyboard_arrow_right' is clicked on

2024-02-05 09:28:18 - [MESSAGE][PASSED] - Object: 'Object Repository/Page_Pembayaran  Resellerindo/i_keyboard_arrow_right' is clicked on

2024-02-05 09:28:18 - [TEST_STEP][PASSED] - click(findTestObject("Object Repository/Page_Pembayaran  Resellerindo/button_Lanjutkan Step Selanjutnya")): Object: 'Object Repository/Page_Pembayaran  Resellerindo/button_Lanjutkan Step Selanjutnya' is clicked on

2024-02-05 09:28:49 - [MESSAGE][PASSED] - Object: 'Object Repository/Page_Pembayaran  Resellerindo/button_Lanjutkan Step Selanjutnya' is clicked on

2024-02-05 09:28:49 - [TEST_STEP][PASSED] - closeBrowser(): Browser is closed

2024-02-05 09:28:50 - [MESSAGE][PASSED] - Browser is closed]]></system-out>
         <system-err><![CDATA[]]></system-err>
      </testcase>
      <testcase name="Test Cases/topup with voucher" time="53.924" classname="Test Cases/topup with voucher" status="FAILED">
         <failure type="FAILED" message="Test Cases/topup with voucher FAILED.
Reason:
com.kms.katalon.core.exception.StepFailedException: Unable to click on object 'Object Repository/Page_Pembayaran  Resellerindo/button_Lanjutkan Step Selanjutnya'
	at com.kms.katalon.core.webui.keyword.internal.WebUIKeywordMain.stepFailed(WebUIKeywordMain.groovy:64)
	at com.kms.katalon.core.webui.keyword.internal.WebUIKeywordMain.runKeyword(WebUIKeywordMain.groovy:26)
	at com.kms.katalon.core.webui.keyword.builtin.ClickKeyword.click(ClickKeyword.groovy:74)
	at com.kms.katalon.core.webui.keyword.builtin.ClickKeyword.execute(ClickKeyword.groovy:40)
	at com.kms.katalon.core.keyword.internal.KeywordExecutor.executeKeywordForPlatform(KeywordExecutor.groovy:74)
	at com.kms.katalon.core.webui.keyword.WebUiBuiltInKeywords.click(WebUiBuiltInKeywords.groovy:620)
	at com.kms.katalon.core.webui.keyword.WebUiBuiltInKeywords$click$3.call(Unknown Source)
	at topup with voucher.run(topup with voucher:52)
	at com.kms.katalon.core.main.ScriptEngine.run(ScriptEngine.java:194)
	at com.kms.katalon.core.main.ScriptEngine.runScriptAsRawText(ScriptEngine.java:119)
	at com.kms.katalon.core.main.TestCaseExecutor.runScript(TestCaseExecutor.java:448)
	at com.kms.katalon.core.main.TestCaseExecutor.doExecute(TestCaseExecutor.java:439)
	at com.kms.katalon.core.main.TestCaseExecutor.processExecutionPhase(TestCaseExecutor.java:418)
	at com.kms.katalon.core.main.TestCaseExecutor.accessMainPhase(TestCaseExecutor.java:410)
	at com.kms.katalon.core.main.TestCaseExecutor.execute(TestCaseExecutor.java:285)
	at com.kms.katalon.core.common.CommonExecutor.accessTestCaseMainPhase(CommonExecutor.java:65)
	at com.kms.katalon.core.main.TestSuiteExecutor.accessTestSuiteMainPhase(TestSuiteExecutor.java:148)
	at com.kms.katalon.core.main.TestSuiteExecutor.execute(TestSuiteExecutor.java:106)
	at com.kms.katalon.core.main.TestCaseMain.startTestSuite(TestCaseMain.java:187)
	at com.kms.katalon.core.main.TestCaseMain$startTestSuite$0.call(Unknown Source)
	at TempTestSuite1707100070750.run(TempTestSuite1707100070750.groovy:36)
Caused by: com.kms.katalon.core.webui.exception.WebElementNotFoundException: Web element with id: 'Object Repository/Page_Pembayaran  Resellerindo/button_Lanjutkan Step Selanjutnya' located by '//button[@id='go_to_next_page']' not found
	at com.kms.katalon.core.webui.common.WebUiCommonHelper.findWebElement(WebUiCommonHelper.java:1381)
	at com.kms.katalon.core.webui.keyword.internal.WebUIAbstractKeyword.findWebElement(WebUIAbstractKeyword.groovy:27)
	at com.kms.katalon.core.webui.keyword.builtin.ClickKeyword$_click_closure1.doCall(ClickKeyword.groovy:65)
	at com.kms.katalon.core.webui.keyword.builtin.ClickKeyword$_click_closure1.call(ClickKeyword.groovy)
	at com.kms.katalon.core.webui.keyword.internal.WebUIKeywordMain.runKeyword(WebUIKeywordMain.groovy:20)
	... 19 more
"/>
         <system-out><![CDATA[2024-02-05 09:28:50 - [TEST_CASE][FAILED] - Test Cases/topup with voucher: Test Cases/topup with voucher FAILED.
Reason:
com.kms.katalon.core.exception.StepFailedException: Unable to click on object 'Object Repository/Page_Pembayaran  Resellerindo/button_Lanjutkan Step Selanjutnya'
	at com.kms.katalon.core.webui.keyword.internal.WebUIKeywordMain.stepFailed(WebUIKeywordMain.groovy:64)
	at com.kms.katalon.core.webui.keyword.internal.WebUIKeywordMain.runKeyword(WebUIKeywordMain.groovy:26)
	at com.kms.katalon.core.webui.keyword.builtin.ClickKeyword.click(ClickKeyword.groovy:74)
	at com.kms.katalon.core.webui.keyword.builtin.ClickKeyword.execute(ClickKeyword.groovy:40)
	at com.kms.katalon.core.keyword.internal.KeywordExecutor.executeKeywordForPlatform(KeywordExecutor.groovy:74)
	at com.kms.katalon.core.webui.keyword.WebUiBuiltInKeywords.click(WebUiBuiltInKeywords.groovy:620)
	at com.kms.katalon.core.webui.keyword.WebUiBuiltInKeywords$click$3.call(Unknown Source)
	at topup with voucher.run(topup with voucher:52)
	at com.kms.katalon.core.main.ScriptEngine.run(ScriptEngine.java:194)
	at com.kms.katalon.core.main.ScriptEngine.runScriptAsRawText(ScriptEngine.java:119)
	at com.kms.katalon.core.main.TestCaseExecutor.runScript(TestCaseExecutor.java:448)
	at com.kms.katalon.core.main.TestCaseExecutor.doExecute(TestCaseExecutor.java:439)
	at com.kms.katalon.core.main.TestCaseExecutor.processExecutionPhase(TestCaseExecutor.java:418)
	at com.kms.katalon.core.main.TestCaseExecutor.accessMainPhase(TestCaseExecutor.java:410)
	at com.kms.katalon.core.main.TestCaseExecutor.execute(TestCaseExecutor.java:285)
	at com.kms.katalon.core.common.CommonExecutor.accessTestCaseMainPhase(CommonExecutor.java:65)
	at com.kms.katalon.core.main.TestSuiteExecutor.accessTestSuiteMainPhase(TestSuiteExecutor.java:148)
	at com.kms.katalon.core.main.TestSuiteExecutor.execute(TestSuiteExecutor.java:106)
	at com.kms.katalon.core.main.TestCaseMain.startTestSuite(TestCaseMain.java:187)
	at com.kms.katalon.core.main.TestCaseMain$startTestSuite$0.call(Unknown Source)
	at TempTestSuite1707100070750.run(TempTestSuite1707100070750.groovy:36)
Caused by: com.kms.katalon.core.webui.exception.WebElementNotFoundException: Web element with id: 'Object Repository/Page_Pembayaran  Resellerindo/button_Lanjutkan Step Selanjutnya' located by '//button[@id='go_to_next_page']' not found
	at com.kms.katalon.core.webui.common.WebUiCommonHelper.findWebElement(WebUiCommonHelper.java:1381)
	at com.kms.katalon.core.webui.keyword.internal.WebUIAbstractKeyword.findWebElement(WebUIAbstractKeyword.groovy:27)
	at com.kms.katalon.core.webui.keyword.builtin.ClickKeyword$_click_closure1.doCall(ClickKeyword.groovy:65)
	at com.kms.katalon.core.webui.keyword.builtin.ClickKeyword$_click_closure1.call(ClickKeyword.groovy)
	at com.kms.katalon.core.webui.keyword.internal.WebUIKeywordMain.runKeyword(WebUIKeywordMain.groovy:20)
	... 19 more


2024-02-05 09:28:50 - [TEST_STEP][PASSED] - openBrowser(""): Browser is opened with url: ''

2024-02-05 09:28:50 - [MESSAGE][INFO] - Starting 'Chrome' driver

2024-02-05 09:28:50 - [MESSAGE][INFO] - Action delay is set to 0 milliseconds

2024-02-05 09:28:51 - [MESSAGE][PASSED] - Browser is opened with url: ''

2024-02-05 09:28:51 - [TEST_STEP][PASSED] - navigateToUrl("https://rs-dev.promosindo.web.id/"): Navigate to 'https://rs-dev.promosindo.web.id/' successfully

2024-02-05 09:28:53 - [MESSAGE][PASSED] - Navigate to 'https://rs-dev.promosindo.web.id/' successfully

2024-02-05 09:28:53 - [TEST_STEP][PASSED] - setText(findTestObject("Object Repository/Page_Resellerindo - Masuk SMM Panel Resellerindo/input_face_username_a"), "primalisti"): Text 'primalisti' is set on object 'Object Repository/Page_Resellerindo - Masuk SMM Panel Resellerindo/input_face_username_a'

2024-02-05 09:28:54 - [MESSAGE][PASSED] - Text 'primalisti' is set on object 'Object Repository/Page_Resellerindo - Masuk SMM Panel Resellerindo/input_face_username_a'

2024-02-05 09:28:54 - [TEST_STEP][PASSED] - setEncryptedText(findTestObject("Object Repository/Page_Resellerindo - Masuk SMM Panel Resellerindo/input_lock_outline_password_a"), "ZxFguJnQseeHukWJJhGuHA=="): Text ****** has been set on object 'Object Repository/Page_Resellerindo - Masuk SMM Panel Resellerindo/input_lock_outline_password_a'

2024-02-05 09:28:54 - [MESSAGE][PASSED] - Text ****** has been set on object 'Object Repository/Page_Resellerindo - Masuk SMM Panel Resellerindo/input_lock_outline_password_a'

2024-02-05 09:28:54 - [TEST_STEP][PASSED] - click(findTestObject("Object Repository/Page_Resellerindo - Masuk SMM Panel Resellerindo/div_Masuk")): Object: 'Object Repository/Page_Resellerindo - Masuk SMM Panel Resellerindo/div_Masuk' is clicked on

2024-02-05 09:28:54 - [MESSAGE][PASSED] - Object: 'Object Repository/Page_Resellerindo - Masuk SMM Panel Resellerindo/div_Masuk' is clicked on

2024-02-05 09:28:54 - [TEST_STEP][PASSED] - click(findTestObject("Object Repository/Page_Dasbor  Resellerindo/button_Close")): Object: 'Object Repository/Page_Dasbor  Resellerindo/button_Close' is clicked on

2024-02-05 09:29:00 - [MESSAGE][PASSED] - Object: 'Object Repository/Page_Dasbor  Resellerindo/button_Close' is clicked on

2024-02-05 09:29:00 - [TEST_STEP][PASSED] - click(findTestObject("Object Repository/Page_Dasbor  Resellerindo/span_")): Object: 'Object Repository/Page_Dasbor  Resellerindo/span_' is clicked on

2024-02-05 09:29:01 - [MESSAGE][PASSED] - Object: 'Object Repository/Page_Dasbor  Resellerindo/span_' is clicked on

2024-02-05 09:29:01 - [TEST_STEP][PASSED] - click(findTestObject("Object Repository/Page_Dasbor  Resellerindo/i_Simpan_fas fa-times")): Object: 'Object Repository/Page_Dasbor  Resellerindo/i_Simpan_fas fa-times' is clicked on

2024-02-05 09:29:02 - [MESSAGE][PASSED] - Object: 'Object Repository/Page_Dasbor  Resellerindo/i_Simpan_fas fa-times' is clicked on

2024-02-05 09:29:02 - [TEST_STEP][PASSED] - click(findTestObject("Object Repository/Page_Dasbor  Resellerindo/p_Tambah Saldo")): Object: 'Object Repository/Page_Dasbor  Resellerindo/p_Tambah Saldo' is clicked on

2024-02-05 09:29:04 - [MESSAGE][PASSED] - Object: 'Object Repository/Page_Dasbor  Resellerindo/p_Tambah Saldo' is clicked on

2024-02-05 09:29:04 - [TEST_STEP][PASSED] - setText(findTestObject("Object Repository/Page_Pembayaran  Resellerindo/input_Rp_nominal"), "12000"): Text '12000' is set on object 'Object Repository/Page_Pembayaran  Resellerindo/input_Rp_nominal'

2024-02-05 09:29:04 - [MESSAGE][PASSED] - Text '12000' is set on object 'Object Repository/Page_Pembayaran  Resellerindo/input_Rp_nominal'

2024-02-05 09:29:04 - [TEST_STEP][PASSED] - click(findTestObject("Object Repository/Page_Pembayaran  Resellerindo/button_Pesan")): Object: 'Object Repository/Page_Pembayaran  Resellerindo/button_Pesan' is clicked on

2024-02-05 09:29:05 - [MESSAGE][PASSED] - Object: 'Object Repository/Page_Pembayaran  Resellerindo/button_Pesan' is clicked on

2024-02-05 09:29:05 - [TEST_STEP][PASSED] - click(findTestObject("Object Repository/Page_Pembayaran  Resellerindo/h4_Gunakan Voucher")): Object: 'Object Repository/Page_Pembayaran  Resellerindo/h4_Gunakan Voucher' is clicked on

2024-02-05 09:29:06 - [MESSAGE][PASSED] - Object: 'Object Repository/Page_Pembayaran  Resellerindo/h4_Gunakan Voucher' is clicked on

2024-02-05 09:29:06 - [TEST_STEP][PASSED] - click(findTestObject("Object Repository/Page_Pembayaran  Resellerindo/div_Gunakan VoucherCOBABonus  20COBA")): Object: 'Object Repository/Page_Pembayaran  Resellerindo/div_Gunakan VoucherCOBABonus  20COBA' is clicked on

2024-02-05 09:29:06 - [MESSAGE][PASSED] - Object: 'Object Repository/Page_Pembayaran  Resellerindo/div_Gunakan VoucherCOBABonus  20COBA' is clicked on

2024-02-05 09:29:06 - [TEST_STEP][PASSED] - click(findTestObject("Object Repository/Page_Pembayaran  Resellerindo/i_keyboard_arrow_down")): Object: 'Object Repository/Page_Pembayaran  Resellerindo/i_keyboard_arrow_down' is clicked on

2024-02-05 09:29:12 - [MESSAGE][PASSED] - Object: 'Object Repository/Page_Pembayaran  Resellerindo/i_keyboard_arrow_down' is clicked on

2024-02-05 09:29:12 - [TEST_STEP][PASSED] - click(findTestObject("Object Repository/Page_Pembayaran  Resellerindo/i_keyboard_arrow_right")): Object: 'Object Repository/Page_Pembayaran  Resellerindo/i_keyboard_arrow_right' is clicked on

2024-02-05 09:29:12 - [MESSAGE][PASSED] - Object: 'Object Repository/Page_Pembayaran  Resellerindo/i_keyboard_arrow_right' is clicked on

2024-02-05 09:29:12 - [TEST_STEP][FAILED] - click(findTestObject("Object Repository/Page_Pembayaran  Resellerindo/button_Lanjutkan Step Selanjutnya")): Unable to click on object 'Object Repository/Page_Pembayaran  Resellerindo/button_Lanjutkan Step Selanjutnya' (Root cause: com.kms.katalon.core.exception.StepFailedException: Unable to click on object 'Object Repository/Page_Pembayaran  Resellerindo/button_Lanjutkan Step Selanjutnya'
	at com.kms.katalon.core.webui.keyword.internal.WebUIKeywordMain.stepFailed(WebUIKeywordMain.groovy:64)
	at com.kms.katalon.core.webui.keyword.internal.WebUIKeywordMain.runKeyword(WebUIKeywordMain.groovy:26)
	at com.kms.katalon.core.webui.keyword.builtin.ClickKeyword.click(ClickKeyword.groovy:74)
	at com.kms.katalon.core.webui.keyword.builtin.ClickKeyword.execute(ClickKeyword.groovy:40)
	at com.kms.katalon.core.keyword.internal.KeywordExecutor.executeKeywordForPlatform(KeywordExecutor.groovy:74)
	at com.kms.katalon.core.webui.keyword.WebUiBuiltInKeywords.click(WebUiBuiltInKeywords.groovy:620)
	at com.kms.katalon.core.webui.keyword.WebUiBuiltInKeywords$click$3.call(Unknown Source)
	at topup with voucher.run(topup with voucher:52)
	at com.kms.katalon.core.main.ScriptEngine.run(ScriptEngine.java:194)
	at com.kms.katalon.core.main.ScriptEngine.runScriptAsRawText(ScriptEngine.java:119)
	at com.kms.katalon.core.main.TestCaseExecutor.runScript(TestCaseExecutor.java:448)
	at com.kms.katalon.core.main.TestCaseExecutor.doExecute(TestCaseExecutor.java:439)
	at com.kms.katalon.core.main.TestCaseExecutor.processExecutionPhase(TestCaseExecutor.java:418)
	at com.kms.katalon.core.main.TestCaseExecutor.accessMainPhase(TestCaseExecutor.java:410)
	at com.kms.katalon.core.main.TestCaseExecutor.execute(TestCaseExecutor.java:285)
	at com.kms.katalon.core.common.CommonExecutor.accessTestCaseMainPhase(CommonExecutor.java:65)
	at com.kms.katalon.core.main.TestSuiteExecutor.accessTestSuiteMainPhase(TestSuiteExecutor.java:148)
	at com.kms.katalon.core.main.TestSuiteExecutor.execute(TestSuiteExecutor.java:106)
	at com.kms.katalon.core.main.TestCaseMain.startTestSuite(TestCaseMain.java:187)
	at com.kms.katalon.core.main.TestCaseMain$startTestSuite$0.call(Unknown Source)
	at TempTestSuite1707100070750.run(TempTestSuite1707100070750.groovy:36)
Caused by: com.kms.katalon.core.webui.exception.WebElementNotFoundException: Web element with id: 'Object Repository/Page_Pembayaran  Resellerindo/button_Lanjutkan Step Selanjutnya' located by '//button[@id='go_to_next_page']' not found
	at com.kms.katalon.core.webui.common.WebUiCommonHelper.findWebElement(WebUiCommonHelper.java:1381)
	at com.kms.katalon.core.webui.keyword.internal.WebUIAbstractKeyword.findWebElement(WebUIAbstractKeyword.groovy:27)
	at com.kms.katalon.core.webui.keyword.builtin.ClickKeyword$_click_closure1.doCall(ClickKeyword.groovy:65)
	at com.kms.katalon.core.webui.keyword.builtin.ClickKeyword$_click_closure1.call(ClickKeyword.groovy)
	at com.kms.katalon.core.webui.keyword.internal.WebUIKeywordMain.runKeyword(WebUIKeywordMain.groovy:20)
	at com.kms.katalon.core.webui.keyword.builtin.ClickKeyword.click(ClickKeyword.groovy:74)
	at com.kms.katalon.core.webui.keyword.builtin.ClickKeyword.execute(ClickKeyword.groovy:40)
	at com.kms.katalon.core.keyword.internal.KeywordExecutor.executeKeywordForPlatform(KeywordExecutor.groovy:74)
	at com.kms.katalon.core.webui.keyword.WebUiBuiltInKeywords.click(WebUiBuiltInKeywords.groovy:620)
	at com.kms.katalon.core.webui.keyword.WebUiBuiltInKeywords$click$3.call(Unknown Source)
	at Script1706926365205.run(Script1706926365205.groovy:52)
	... 13 more
)

2024-02-05 09:29:43 - [MESSAGE][INFO] - Unable to find the element located by 'By.xpath: //button[@id='go_to_next_page']'. Please recheck the objects properties to make sure the desired element is located. 

2024-02-05 09:29:44 - [MESSAGE][FAILED] - Unable to click on object 'Object Repository/Page_Pembayaran  Resellerindo/button_Lanjutkan Step Selanjutnya' (Root cause: com.kms.katalon.core.exception.StepFailedException: Unable to click on object 'Object Repository/Page_Pembayaran  Resellerindo/button_Lanjutkan Step Selanjutnya'
	at com.kms.katalon.core.webui.keyword.internal.WebUIKeywordMain.stepFailed(WebUIKeywordMain.groovy:64)
	at com.kms.katalon.core.webui.keyword.internal.WebUIKeywordMain.runKeyword(WebUIKeywordMain.groovy:26)
	at com.kms.katalon.core.webui.keyword.builtin.ClickKeyword.click(ClickKeyword.groovy:74)
	at com.kms.katalon.core.webui.keyword.builtin.ClickKeyword.execute(ClickKeyword.groovy:40)
	at com.kms.katalon.core.keyword.internal.KeywordExecutor.executeKeywordForPlatform(KeywordExecutor.groovy:74)
	at com.kms.katalon.core.webui.keyword.WebUiBuiltInKeywords.click(WebUiBuiltInKeywords.groovy:620)
	at com.kms.katalon.core.webui.keyword.WebUiBuiltInKeywords$click$3.call(Unknown Source)
	at topup with voucher.run(topup with voucher:52)
	at com.kms.katalon.core.main.ScriptEngine.run(ScriptEngine.java:194)
	at com.kms.katalon.core.main.ScriptEngine.runScriptAsRawText(ScriptEngine.java:119)
	at com.kms.katalon.core.main.TestCaseExecutor.runScript(TestCaseExecutor.java:448)
	at com.kms.katalon.core.main.TestCaseExecutor.doExecute(TestCaseExecutor.java:439)
	at com.kms.katalon.core.main.TestCaseExecutor.processExecutionPhase(TestCaseExecutor.java:418)
	at com.kms.katalon.core.main.TestCaseExecutor.accessMainPhase(TestCaseExecutor.java:410)
	at com.kms.katalon.core.main.TestCaseExecutor.execute(TestCaseExecutor.java:285)
	at com.kms.katalon.core.common.CommonExecutor.accessTestCaseMainPhase(CommonExecutor.java:65)
	at com.kms.katalon.core.main.TestSuiteExecutor.accessTestSuiteMainPhase(TestSuiteExecutor.java:148)
	at com.kms.katalon.core.main.TestSuiteExecutor.execute(TestSuiteExecutor.java:106)
	at com.kms.katalon.core.main.TestCaseMain.startTestSuite(TestCaseMain.java:187)
	at com.kms.katalon.core.main.TestCaseMain$startTestSuite$0.call(Unknown Source)
	at TempTestSuite1707100070750.run(TempTestSuite1707100070750.groovy:36)
Caused by: com.kms.katalon.core.webui.exception.WebElementNotFoundException: Web element with id: 'Object Repository/Page_Pembayaran  Resellerindo/button_Lanjutkan Step Selanjutnya' located by '//button[@id='go_to_next_page']' not found
	at com.kms.katalon.core.webui.common.WebUiCommonHelper.findWebElement(WebUiCommonHelper.java:1381)
	at com.kms.katalon.core.webui.keyword.internal.WebUIAbstractKeyword.findWebElement(WebUIAbstractKeyword.groovy:27)
	at com.kms.katalon.core.webui.keyword.builtin.ClickKeyword$_click_closure1.doCall(ClickKeyword.groovy:65)
	at com.kms.katalon.core.webui.keyword.builtin.ClickKeyword$_click_closure1.call(ClickKeyword.groovy)
	at com.kms.katalon.core.webui.keyword.internal.WebUIKeywordMain.runKeyword(WebUIKeywordMain.groovy:20)
	at com.kms.katalon.core.webui.keyword.builtin.ClickKeyword.click(ClickKeyword.groovy:74)
	at com.kms.katalon.core.webui.keyword.builtin.ClickKeyword.execute(ClickKeyword.groovy:40)
	at com.kms.katalon.core.keyword.internal.KeywordExecutor.executeKeywordForPlatform(KeywordExecutor.groovy:74)
	at com.kms.katalon.core.webui.keyword.WebUiBuiltInKeywords.click(WebUiBuiltInKeywords.groovy:620)
	at com.kms.katalon.core.webui.keyword.WebUiBuiltInKeywords$click$3.call(Unknown Source)
	at Script1706926365205.run(Script1706926365205.groovy:52)
	... 13 more
)
[[ATTACHMENT|C:\\Users\\ASUS VivoBook 14\\Katalon Studio\\Testing topup resellerindo\\Reports\\20240205_092749\\topup\\20240205_092750\\1707100183904.png]]]]></system-out>
         <system-err><![CDATA[2024-02-05 09:28:50 - [TEST_CASE][FAILED] - Test Cases/topup with voucher: Test Cases/topup with voucher FAILED.
Reason:
com.kms.katalon.core.exception.StepFailedException: Unable to click on object 'Object Repository/Page_Pembayaran  Resellerindo/button_Lanjutkan Step Selanjutnya'
	at com.kms.katalon.core.webui.keyword.internal.WebUIKeywordMain.stepFailed(WebUIKeywordMain.groovy:64)
	at com.kms.katalon.core.webui.keyword.internal.WebUIKeywordMain.runKeyword(WebUIKeywordMain.groovy:26)
	at com.kms.katalon.core.webui.keyword.builtin.ClickKeyword.click(ClickKeyword.groovy:74)
	at com.kms.katalon.core.webui.keyword.builtin.ClickKeyword.execute(ClickKeyword.groovy:40)
	at com.kms.katalon.core.keyword.internal.KeywordExecutor.executeKeywordForPlatform(KeywordExecutor.groovy:74)
	at com.kms.katalon.core.webui.keyword.WebUiBuiltInKeywords.click(WebUiBuiltInKeywords.groovy:620)
	at com.kms.katalon.core.webui.keyword.WebUiBuiltInKeywords$click$3.call(Unknown Source)
	at topup with voucher.run(topup with voucher:52)
	at com.kms.katalon.core.main.ScriptEngine.run(ScriptEngine.java:194)
	at com.kms.katalon.core.main.ScriptEngine.runScriptAsRawText(ScriptEngine.java:119)
	at com.kms.katalon.core.main.TestCaseExecutor.runScript(TestCaseExecutor.java:448)
	at com.kms.katalon.core.main.TestCaseExecutor.doExecute(TestCaseExecutor.java:439)
	at com.kms.katalon.core.main.TestCaseExecutor.processExecutionPhase(TestCaseExecutor.java:418)
	at com.kms.katalon.core.main.TestCaseExecutor.accessMainPhase(TestCaseExecutor.java:410)
	at com.kms.katalon.core.main.TestCaseExecutor.execute(TestCaseExecutor.java:285)
	at com.kms.katalon.core.common.CommonExecutor.accessTestCaseMainPhase(CommonExecutor.java:65)
	at com.kms.katalon.core.main.TestSuiteExecutor.accessTestSuiteMainPhase(TestSuiteExecutor.java:148)
	at com.kms.katalon.core.main.TestSuiteExecutor.execute(TestSuiteExecutor.java:106)
	at com.kms.katalon.core.main.TestCaseMain.startTestSuite(TestCaseMain.java:187)
	at com.kms.katalon.core.main.TestCaseMain$startTestSuite$0.call(Unknown Source)
	at TempTestSuite1707100070750.run(TempTestSuite1707100070750.groovy:36)
Caused by: com.kms.katalon.core.webui.exception.WebElementNotFoundException: Web element with id: 'Object Repository/Page_Pembayaran  Resellerindo/button_Lanjutkan Step Selanjutnya' located by '//button[@id='go_to_next_page']' not found
	at com.kms.katalon.core.webui.common.WebUiCommonHelper.findWebElement(WebUiCommonHelper.java:1381)
	at com.kms.katalon.core.webui.keyword.internal.WebUIAbstractKeyword.findWebElement(WebUIAbstractKeyword.groovy:27)
	at com.kms.katalon.core.webui.keyword.builtin.ClickKeyword$_click_closure1.doCall(ClickKeyword.groovy:65)
	at com.kms.katalon.core.webui.keyword.builtin.ClickKeyword$_click_closure1.call(ClickKeyword.groovy)
	at com.kms.katalon.core.webui.keyword.internal.WebUIKeywordMain.runKeyword(WebUIKeywordMain.groovy:20)
	... 19 more]]></system-err>
      </testcase>
      <testcase name="Test Cases/topup with tripay" time="48.997" classname="Test Cases/topup with tripay" status="FAILED">
         <failure type="FAILED" message="Test Cases/topup with tripay FAILED.
Reason:
com.kms.katalon.core.exception.StepFailedException: Unable to click on object 'Object Repository/Page_Pembayaran  Resellerindo/button_Lanjutkan Step Selanjutnya'
	at com.kms.katalon.core.webui.keyword.internal.WebUIKeywordMain.stepFailed(WebUIKeywordMain.groovy:64)
	at com.kms.katalon.core.webui.keyword.internal.WebUIKeywordMain.runKeyword(WebUIKeywordMain.groovy:26)
	at com.kms.katalon.core.webui.keyword.builtin.ClickKeyword.click(ClickKeyword.groovy:74)
	at com.kms.katalon.core.webui.keyword.builtin.ClickKeyword.execute(ClickKeyword.groovy:40)
	at com.kms.katalon.core.keyword.internal.KeywordExecutor.executeKeywordForPlatform(KeywordExecutor.groovy:74)
	at com.kms.katalon.core.webui.keyword.WebUiBuiltInKeywords.click(WebUiBuiltInKeywords.groovy:620)
	at com.kms.katalon.core.webui.keyword.WebUiBuiltInKeywords$click$3.call(Unknown Source)
	at topup with tripay.run(topup with tripay:48)
	at com.kms.katalon.core.main.ScriptEngine.run(ScriptEngine.java:194)
	at com.kms.katalon.core.main.ScriptEngine.runScriptAsRawText(ScriptEngine.java:119)
	at com.kms.katalon.core.main.TestCaseExecutor.runScript(TestCaseExecutor.java:448)
	at com.kms.katalon.core.main.TestCaseExecutor.doExecute(TestCaseExecutor.java:439)
	at com.kms.katalon.core.main.TestCaseExecutor.processExecutionPhase(TestCaseExecutor.java:418)
	at com.kms.katalon.core.main.TestCaseExecutor.accessMainPhase(TestCaseExecutor.java:410)
	at com.kms.katalon.core.main.TestCaseExecutor.execute(TestCaseExecutor.java:285)
	at com.kms.katalon.core.common.CommonExecutor.accessTestCaseMainPhase(CommonExecutor.java:65)
	at com.kms.katalon.core.main.TestSuiteExecutor.accessTestSuiteMainPhase(TestSuiteExecutor.java:148)
	at com.kms.katalon.core.main.TestSuiteExecutor.execute(TestSuiteExecutor.java:106)
	at com.kms.katalon.core.main.TestCaseMain.startTestSuite(TestCaseMain.java:187)
	at com.kms.katalon.core.main.TestCaseMain$startTestSuite$0.call(Unknown Source)
	at TempTestSuite1707100070750.run(TempTestSuite1707100070750.groovy:36)
Caused by: com.kms.katalon.core.webui.exception.WebElementNotFoundException: Web element with id: 'Object Repository/Page_Pembayaran  Resellerindo/button_Lanjutkan Step Selanjutnya' located by '//button[@id='go_to_next_page']' not found
	at com.kms.katalon.core.webui.common.WebUiCommonHelper.findWebElement(WebUiCommonHelper.java:1381)
	at com.kms.katalon.core.webui.keyword.internal.WebUIAbstractKeyword.findWebElement(WebUIAbstractKeyword.groovy:27)
	at com.kms.katalon.core.webui.keyword.builtin.ClickKeyword$_click_closure1.doCall(ClickKeyword.groovy:65)
	at com.kms.katalon.core.webui.keyword.builtin.ClickKeyword$_click_closure1.call(ClickKeyword.groovy)
	at com.kms.katalon.core.webui.keyword.internal.WebUIKeywordMain.runKeyword(WebUIKeywordMain.groovy:20)
	... 19 more
"/>
         <system-out><![CDATA[2024-02-05 09:29:44 - [TEST_CASE][FAILED] - Test Cases/topup with tripay: Test Cases/topup with tripay FAILED.
Reason:
com.kms.katalon.core.exception.StepFailedException: Unable to click on object 'Object Repository/Page_Pembayaran  Resellerindo/button_Lanjutkan Step Selanjutnya'
	at com.kms.katalon.core.webui.keyword.internal.WebUIKeywordMain.stepFailed(WebUIKeywordMain.groovy:64)
	at com.kms.katalon.core.webui.keyword.internal.WebUIKeywordMain.runKeyword(WebUIKeywordMain.groovy:26)
	at com.kms.katalon.core.webui.keyword.builtin.ClickKeyword.click(ClickKeyword.groovy:74)
	at com.kms.katalon.core.webui.keyword.builtin.ClickKeyword.execute(ClickKeyword.groovy:40)
	at com.kms.katalon.core.keyword.internal.KeywordExecutor.executeKeywordForPlatform(KeywordExecutor.groovy:74)
	at com.kms.katalon.core.webui.keyword.WebUiBuiltInKeywords.click(WebUiBuiltInKeywords.groovy:620)
	at com.kms.katalon.core.webui.keyword.WebUiBuiltInKeywords$click$3.call(Unknown Source)
	at topup with tripay.run(topup with tripay:48)
	at com.kms.katalon.core.main.ScriptEngine.run(ScriptEngine.java:194)
	at com.kms.katalon.core.main.ScriptEngine.runScriptAsRawText(ScriptEngine.java:119)
	at com.kms.katalon.core.main.TestCaseExecutor.runScript(TestCaseExecutor.java:448)
	at com.kms.katalon.core.main.TestCaseExecutor.doExecute(TestCaseExecutor.java:439)
	at com.kms.katalon.core.main.TestCaseExecutor.processExecutionPhase(TestCaseExecutor.java:418)
	at com.kms.katalon.core.main.TestCaseExecutor.accessMainPhase(TestCaseExecutor.java:410)
	at com.kms.katalon.core.main.TestCaseExecutor.execute(TestCaseExecutor.java:285)
	at com.kms.katalon.core.common.CommonExecutor.accessTestCaseMainPhase(CommonExecutor.java:65)
	at com.kms.katalon.core.main.TestSuiteExecutor.accessTestSuiteMainPhase(TestSuiteExecutor.java:148)
	at com.kms.katalon.core.main.TestSuiteExecutor.execute(TestSuiteExecutor.java:106)
	at com.kms.katalon.core.main.TestCaseMain.startTestSuite(TestCaseMain.java:187)
	at com.kms.katalon.core.main.TestCaseMain$startTestSuite$0.call(Unknown Source)
	at TempTestSuite1707100070750.run(TempTestSuite1707100070750.groovy:36)
Caused by: com.kms.katalon.core.webui.exception.WebElementNotFoundException: Web element with id: 'Object Repository/Page_Pembayaran  Resellerindo/button_Lanjutkan Step Selanjutnya' located by '//button[@id='go_to_next_page']' not found
	at com.kms.katalon.core.webui.common.WebUiCommonHelper.findWebElement(WebUiCommonHelper.java:1381)
	at com.kms.katalon.core.webui.keyword.internal.WebUIAbstractKeyword.findWebElement(WebUIAbstractKeyword.groovy:27)
	at com.kms.katalon.core.webui.keyword.builtin.ClickKeyword$_click_closure1.doCall(ClickKeyword.groovy:65)
	at com.kms.katalon.core.webui.keyword.builtin.ClickKeyword$_click_closure1.call(ClickKeyword.groovy)
	at com.kms.katalon.core.webui.keyword.internal.WebUIKeywordMain.runKeyword(WebUIKeywordMain.groovy:20)
	... 19 more


2024-02-05 09:29:44 - [TEST_STEP][PASSED] - openBrowser(""): Browser is opened with url: ''

2024-02-05 09:29:44 - [MESSAGE][WARNING] - A browser is already opened. Closing browser and opening a new one

2024-02-05 09:29:44 - [MESSAGE][INFO] - Starting 'Chrome' driver

2024-02-05 09:29:45 - [MESSAGE][INFO] - Action delay is set to 0 milliseconds

2024-02-05 09:29:46 - [MESSAGE][PASSED] - Browser is opened with url: ''

2024-02-05 09:29:46 - [TEST_STEP][PASSED] - navigateToUrl("https://rs-dev.promosindo.web.id/"): Navigate to 'https://rs-dev.promosindo.web.id/' successfully

2024-02-05 09:29:48 - [MESSAGE][PASSED] - Navigate to 'https://rs-dev.promosindo.web.id/' successfully

2024-02-05 09:29:48 - [TEST_STEP][PASSED] - setText(findTestObject("Object Repository/Page_Resellerindo - Masuk SMM Panel Resellerindo/input_face_username_a"), "primalisti"): Text 'primalisti' is set on object 'Object Repository/Page_Resellerindo - Masuk SMM Panel Resellerindo/input_face_username_a'

2024-02-05 09:29:49 - [MESSAGE][PASSED] - Text 'primalisti' is set on object 'Object Repository/Page_Resellerindo - Masuk SMM Panel Resellerindo/input_face_username_a'

2024-02-05 09:29:49 - [TEST_STEP][PASSED] - setEncryptedText(findTestObject("Object Repository/Page_Resellerindo - Masuk SMM Panel Resellerindo/input_lock_outline_password_a"), "ZxFguJnQseeHukWJJhGuHA=="): Text ****** has been set on object 'Object Repository/Page_Resellerindo - Masuk SMM Panel Resellerindo/input_lock_outline_password_a'

2024-02-05 09:29:49 - [MESSAGE][PASSED] - Text ****** has been set on object 'Object Repository/Page_Resellerindo - Masuk SMM Panel Resellerindo/input_lock_outline_password_a'

2024-02-05 09:29:49 - [TEST_STEP][PASSED] - click(findTestObject("Object Repository/Page_Resellerindo - Masuk SMM Panel Resellerindo/div_Masuk")): Object: 'Object Repository/Page_Resellerindo - Masuk SMM Panel Resellerindo/div_Masuk' is clicked on

2024-02-05 09:29:49 - [MESSAGE][PASSED] - Object: 'Object Repository/Page_Resellerindo - Masuk SMM Panel Resellerindo/div_Masuk' is clicked on

2024-02-05 09:29:49 - [TEST_STEP][PASSED] - click(findTestObject("Object Repository/Page_Dasbor  Resellerindo/button_Close")): Object: 'Object Repository/Page_Dasbor  Resellerindo/button_Close' is clicked on

2024-02-05 09:29:54 - [MESSAGE][PASSED] - Object: 'Object Repository/Page_Dasbor  Resellerindo/button_Close' is clicked on

2024-02-05 09:29:54 - [TEST_STEP][PASSED] - click(findTestObject("Object Repository/Page_Dasbor  Resellerindo/span_")): Object: 'Object Repository/Page_Dasbor  Resellerindo/span_' is clicked on

2024-02-05 09:29:56 - [MESSAGE][PASSED] - Object: 'Object Repository/Page_Dasbor  Resellerindo/span_' is clicked on

2024-02-05 09:29:56 - [TEST_STEP][PASSED] - click(findTestObject("Object Repository/Page_Dasbor  Resellerindo/i_Simpan_fas fa-times")): Object: 'Object Repository/Page_Dasbor  Resellerindo/i_Simpan_fas fa-times' is clicked on

2024-02-05 09:29:57 - [MESSAGE][PASSED] - Object: 'Object Repository/Page_Dasbor  Resellerindo/i_Simpan_fas fa-times' is clicked on

2024-02-05 09:29:57 - [TEST_STEP][PASSED] - click(findTestObject("Object Repository/Page_Dasbor  Resellerindo/p_Tambah Saldo")): Object: 'Object Repository/Page_Dasbor  Resellerindo/p_Tambah Saldo' is clicked on

2024-02-05 09:29:59 - [MESSAGE][PASSED] - Object: 'Object Repository/Page_Dasbor  Resellerindo/p_Tambah Saldo' is clicked on

2024-02-05 09:29:59 - [TEST_STEP][PASSED] - setText(findTestObject("Object Repository/Page_Pembayaran  Resellerindo/input_Rp_nominal"), "15000"): Text '15000' is set on object 'Object Repository/Page_Pembayaran  Resellerindo/input_Rp_nominal'

2024-02-05 09:29:59 - [MESSAGE][PASSED] - Text '15000' is set on object 'Object Repository/Page_Pembayaran  Resellerindo/input_Rp_nominal'

2024-02-05 09:29:59 - [TEST_STEP][PASSED] - click(findTestObject("Object Repository/Page_Pembayaran  Resellerindo/button_Pesan")): Object: 'Object Repository/Page_Pembayaran  Resellerindo/button_Pesan' is clicked on

2024-02-05 09:30:00 - [MESSAGE][PASSED] - Object: 'Object Repository/Page_Pembayaran  Resellerindo/button_Pesan' is clicked on

2024-02-05 09:30:00 - [TEST_STEP][PASSED] - click(findTestObject("Object Repository/Page_Pembayaran  Resellerindo/i_keyboard_arrow_down")): Object: 'Object Repository/Page_Pembayaran  Resellerindo/i_keyboard_arrow_down' is clicked on

2024-02-05 09:30:01 - [MESSAGE][PASSED] - Object: 'Object Repository/Page_Pembayaran  Resellerindo/i_keyboard_arrow_down' is clicked on

2024-02-05 09:30:01 - [TEST_STEP][PASSED] - click(findTestObject("Object Repository/Page_Pembayaran  Resellerindo/i_keyboard_arrow_right")): Object: 'Object Repository/Page_Pembayaran  Resellerindo/i_keyboard_arrow_right' is clicked on

2024-02-05 09:30:01 - [MESSAGE][PASSED] - Object: 'Object Repository/Page_Pembayaran  Resellerindo/i_keyboard_arrow_right' is clicked on

2024-02-05 09:30:01 - [TEST_STEP][FAILED] - click(findTestObject("Object Repository/Page_Pembayaran  Resellerindo/button_Lanjutkan Step Selanjutnya")): Unable to click on object 'Object Repository/Page_Pembayaran  Resellerindo/button_Lanjutkan Step Selanjutnya' (Root cause: com.kms.katalon.core.exception.StepFailedException: Unable to click on object 'Object Repository/Page_Pembayaran  Resellerindo/button_Lanjutkan Step Selanjutnya'
	at com.kms.katalon.core.webui.keyword.internal.WebUIKeywordMain.stepFailed(WebUIKeywordMain.groovy:64)
	at com.kms.katalon.core.webui.keyword.internal.WebUIKeywordMain.runKeyword(WebUIKeywordMain.groovy:26)
	at com.kms.katalon.core.webui.keyword.builtin.ClickKeyword.click(ClickKeyword.groovy:74)
	at com.kms.katalon.core.webui.keyword.builtin.ClickKeyword.execute(ClickKeyword.groovy:40)
	at com.kms.katalon.core.keyword.internal.KeywordExecutor.executeKeywordForPlatform(KeywordExecutor.groovy:74)
	at com.kms.katalon.core.webui.keyword.WebUiBuiltInKeywords.click(WebUiBuiltInKeywords.groovy:620)
	at com.kms.katalon.core.webui.keyword.WebUiBuiltInKeywords$click$3.call(Unknown Source)
	at topup with tripay.run(topup with tripay:48)
	at com.kms.katalon.core.main.ScriptEngine.run(ScriptEngine.java:194)
	at com.kms.katalon.core.main.ScriptEngine.runScriptAsRawText(ScriptEngine.java:119)
	at com.kms.katalon.core.main.TestCaseExecutor.runScript(TestCaseExecutor.java:448)
	at com.kms.katalon.core.main.TestCaseExecutor.doExecute(TestCaseExecutor.java:439)
	at com.kms.katalon.core.main.TestCaseExecutor.processExecutionPhase(TestCaseExecutor.java:418)
	at com.kms.katalon.core.main.TestCaseExecutor.accessMainPhase(TestCaseExecutor.java:410)
	at com.kms.katalon.core.main.TestCaseExecutor.execute(TestCaseExecutor.java:285)
	at com.kms.katalon.core.common.CommonExecutor.accessTestCaseMainPhase(CommonExecutor.java:65)
	at com.kms.katalon.core.main.TestSuiteExecutor.accessTestSuiteMainPhase(TestSuiteExecutor.java:148)
	at com.kms.katalon.core.main.TestSuiteExecutor.execute(TestSuiteExecutor.java:106)
	at com.kms.katalon.core.main.TestCaseMain.startTestSuite(TestCaseMain.java:187)
	at com.kms.katalon.core.main.TestCaseMain$startTestSuite$0.call(Unknown Source)
	at TempTestSuite1707100070750.run(TempTestSuite1707100070750.groovy:36)
Caused by: com.kms.katalon.core.webui.exception.WebElementNotFoundException: Web element with id: 'Object Repository/Page_Pembayaran  Resellerindo/button_Lanjutkan Step Selanjutnya' located by '//button[@id='go_to_next_page']' not found
	at com.kms.katalon.core.webui.common.WebUiCommonHelper.findWebElement(WebUiCommonHelper.java:1381)
	at com.kms.katalon.core.webui.keyword.internal.WebUIAbstractKeyword.findWebElement(WebUIAbstractKeyword.groovy:27)
	at com.kms.katalon.core.webui.keyword.builtin.ClickKeyword$_click_closure1.doCall(ClickKeyword.groovy:65)
	at com.kms.katalon.core.webui.keyword.builtin.ClickKeyword$_click_closure1.call(ClickKeyword.groovy)
	at com.kms.katalon.core.webui.keyword.internal.WebUIKeywordMain.runKeyword(WebUIKeywordMain.groovy:20)
	at com.kms.katalon.core.webui.keyword.builtin.ClickKeyword.click(ClickKeyword.groovy:74)
	at com.kms.katalon.core.webui.keyword.builtin.ClickKeyword.execute(ClickKeyword.groovy:40)
	at com.kms.katalon.core.keyword.internal.KeywordExecutor.executeKeywordForPlatform(KeywordExecutor.groovy:74)
	at com.kms.katalon.core.webui.keyword.WebUiBuiltInKeywords.click(WebUiBuiltInKeywords.groovy:620)
	at com.kms.katalon.core.webui.keyword.WebUiBuiltInKeywords$click$3.call(Unknown Source)
	at Script1706932070388.run(Script1706932070388.groovy:48)
	... 13 more
)

2024-02-05 09:30:32 - [MESSAGE][INFO] - Unable to find the element located by 'By.xpath: //button[@id='go_to_next_page']'. Please recheck the objects properties to make sure the desired element is located. 

2024-02-05 09:30:33 - [MESSAGE][FAILED] - Unable to click on object 'Object Repository/Page_Pembayaran  Resellerindo/button_Lanjutkan Step Selanjutnya' (Root cause: com.kms.katalon.core.exception.StepFailedException: Unable to click on object 'Object Repository/Page_Pembayaran  Resellerindo/button_Lanjutkan Step Selanjutnya'
	at com.kms.katalon.core.webui.keyword.internal.WebUIKeywordMain.stepFailed(WebUIKeywordMain.groovy:64)
	at com.kms.katalon.core.webui.keyword.internal.WebUIKeywordMain.runKeyword(WebUIKeywordMain.groovy:26)
	at com.kms.katalon.core.webui.keyword.builtin.ClickKeyword.click(ClickKeyword.groovy:74)
	at com.kms.katalon.core.webui.keyword.builtin.ClickKeyword.execute(ClickKeyword.groovy:40)
	at com.kms.katalon.core.keyword.internal.KeywordExecutor.executeKeywordForPlatform(KeywordExecutor.groovy:74)
	at com.kms.katalon.core.webui.keyword.WebUiBuiltInKeywords.click(WebUiBuiltInKeywords.groovy:620)
	at com.kms.katalon.core.webui.keyword.WebUiBuiltInKeywords$click$3.call(Unknown Source)
	at topup with tripay.run(topup with tripay:48)
	at com.kms.katalon.core.main.ScriptEngine.run(ScriptEngine.java:194)
	at com.kms.katalon.core.main.ScriptEngine.runScriptAsRawText(ScriptEngine.java:119)
	at com.kms.katalon.core.main.TestCaseExecutor.runScript(TestCaseExecutor.java:448)
	at com.kms.katalon.core.main.TestCaseExecutor.doExecute(TestCaseExecutor.java:439)
	at com.kms.katalon.core.main.TestCaseExecutor.processExecutionPhase(TestCaseExecutor.java:418)
	at com.kms.katalon.core.main.TestCaseExecutor.accessMainPhase(TestCaseExecutor.java:410)
	at com.kms.katalon.core.main.TestCaseExecutor.execute(TestCaseExecutor.java:285)
	at com.kms.katalon.core.common.CommonExecutor.accessTestCaseMainPhase(CommonExecutor.java:65)
	at com.kms.katalon.core.main.TestSuiteExecutor.accessTestSuiteMainPhase(TestSuiteExecutor.java:148)
	at com.kms.katalon.core.main.TestSuiteExecutor.execute(TestSuiteExecutor.java:106)
	at com.kms.katalon.core.main.TestCaseMain.startTestSuite(TestCaseMain.java:187)
	at com.kms.katalon.core.main.TestCaseMain$startTestSuite$0.call(Unknown Source)
	at TempTestSuite1707100070750.run(TempTestSuite1707100070750.groovy:36)
Caused by: com.kms.katalon.core.webui.exception.WebElementNotFoundException: Web element with id: 'Object Repository/Page_Pembayaran  Resellerindo/button_Lanjutkan Step Selanjutnya' located by '//button[@id='go_to_next_page']' not found
	at com.kms.katalon.core.webui.common.WebUiCommonHelper.findWebElement(WebUiCommonHelper.java:1381)
	at com.kms.katalon.core.webui.keyword.internal.WebUIAbstractKeyword.findWebElement(WebUIAbstractKeyword.groovy:27)
	at com.kms.katalon.core.webui.keyword.builtin.ClickKeyword$_click_closure1.doCall(ClickKeyword.groovy:65)
	at com.kms.katalon.core.webui.keyword.builtin.ClickKeyword$_click_closure1.call(ClickKeyword.groovy)
	at com.kms.katalon.core.webui.keyword.internal.WebUIKeywordMain.runKeyword(WebUIKeywordMain.groovy:20)
	at com.kms.katalon.core.webui.keyword.builtin.ClickKeyword.click(ClickKeyword.groovy:74)
	at com.kms.katalon.core.webui.keyword.builtin.ClickKeyword.execute(ClickKeyword.groovy:40)
	at com.kms.katalon.core.keyword.internal.KeywordExecutor.executeKeywordForPlatform(KeywordExecutor.groovy:74)
	at com.kms.katalon.core.webui.keyword.WebUiBuiltInKeywords.click(WebUiBuiltInKeywords.groovy:620)
	at com.kms.katalon.core.webui.keyword.WebUiBuiltInKeywords$click$3.call(Unknown Source)
	at Script1706932070388.run(Script1706932070388.groovy:48)
	... 13 more
)
[[ATTACHMENT|C:\\Users\\ASUS VivoBook 14\\Katalon Studio\\Testing topup resellerindo\\Reports\\20240205_092749\\topup\\20240205_092750\\1707100232930.png]]]]></system-out>
         <system-err><![CDATA[2024-02-05 09:29:44 - [TEST_CASE][FAILED] - Test Cases/topup with tripay: Test Cases/topup with tripay FAILED.
Reason:
com.kms.katalon.core.exception.StepFailedException: Unable to click on object 'Object Repository/Page_Pembayaran  Resellerindo/button_Lanjutkan Step Selanjutnya'
	at com.kms.katalon.core.webui.keyword.internal.WebUIKeywordMain.stepFailed(WebUIKeywordMain.groovy:64)
	at com.kms.katalon.core.webui.keyword.internal.WebUIKeywordMain.runKeyword(WebUIKeywordMain.groovy:26)
	at com.kms.katalon.core.webui.keyword.builtin.ClickKeyword.click(ClickKeyword.groovy:74)
	at com.kms.katalon.core.webui.keyword.builtin.ClickKeyword.execute(ClickKeyword.groovy:40)
	at com.kms.katalon.core.keyword.internal.KeywordExecutor.executeKeywordForPlatform(KeywordExecutor.groovy:74)
	at com.kms.katalon.core.webui.keyword.WebUiBuiltInKeywords.click(WebUiBuiltInKeywords.groovy:620)
	at com.kms.katalon.core.webui.keyword.WebUiBuiltInKeywords$click$3.call(Unknown Source)
	at topup with tripay.run(topup with tripay:48)
	at com.kms.katalon.core.main.ScriptEngine.run(ScriptEngine.java:194)
	at com.kms.katalon.core.main.ScriptEngine.runScriptAsRawText(ScriptEngine.java:119)
	at com.kms.katalon.core.main.TestCaseExecutor.runScript(TestCaseExecutor.java:448)
	at com.kms.katalon.core.main.TestCaseExecutor.doExecute(TestCaseExecutor.java:439)
	at com.kms.katalon.core.main.TestCaseExecutor.processExecutionPhase(TestCaseExecutor.java:418)
	at com.kms.katalon.core.main.TestCaseExecutor.accessMainPhase(TestCaseExecutor.java:410)
	at com.kms.katalon.core.main.TestCaseExecutor.execute(TestCaseExecutor.java:285)
	at com.kms.katalon.core.common.CommonExecutor.accessTestCaseMainPhase(CommonExecutor.java:65)
	at com.kms.katalon.core.main.TestSuiteExecutor.accessTestSuiteMainPhase(TestSuiteExecutor.java:148)
	at com.kms.katalon.core.main.TestSuiteExecutor.execute(TestSuiteExecutor.java:106)
	at com.kms.katalon.core.main.TestCaseMain.startTestSuite(TestCaseMain.java:187)
	at com.kms.katalon.core.main.TestCaseMain$startTestSuite$0.call(Unknown Source)
	at TempTestSuite1707100070750.run(TempTestSuite1707100070750.groovy:36)
Caused by: com.kms.katalon.core.webui.exception.WebElementNotFoundException: Web element with id: 'Object Repository/Page_Pembayaran  Resellerindo/button_Lanjutkan Step Selanjutnya' located by '//button[@id='go_to_next_page']' not found
	at com.kms.katalon.core.webui.common.WebUiCommonHelper.findWebElement(WebUiCommonHelper.java:1381)
	at com.kms.katalon.core.webui.keyword.internal.WebUIAbstractKeyword.findWebElement(WebUIAbstractKeyword.groovy:27)
	at com.kms.katalon.core.webui.keyword.builtin.ClickKeyword$_click_closure1.doCall(ClickKeyword.groovy:65)
	at com.kms.katalon.core.webui.keyword.builtin.ClickKeyword$_click_closure1.call(ClickKeyword.groovy)
	at com.kms.katalon.core.webui.keyword.internal.WebUIKeywordMain.runKeyword(WebUIKeywordMain.groovy:20)
	... 19 more]]></system-err>
      </testcase>
      <testcase name="Test Cases/topup with bank transfer" time="49.122" classname="Test Cases/topup with bank transfer" status="FAILED">
         <failure type="FAILED" message="Test Cases/topup with bank transfer FAILED.
Reason:
com.kms.katalon.core.exception.StepFailedException: Unable to click on object 'Object Repository/Page_Pembayaran  Resellerindo/button_Lanjutkan Step Selanjutnya'
	at com.kms.katalon.core.webui.keyword.internal.WebUIKeywordMain.stepFailed(WebUIKeywordMain.groovy:64)
	at com.kms.katalon.core.webui.keyword.internal.WebUIKeywordMain.runKeyword(WebUIKeywordMain.groovy:26)
	at com.kms.katalon.core.webui.keyword.builtin.ClickKeyword.click(ClickKeyword.groovy:74)
	at com.kms.katalon.core.webui.keyword.builtin.ClickKeyword.execute(ClickKeyword.groovy:40)
	at com.kms.katalon.core.keyword.internal.KeywordExecutor.executeKeywordForPlatform(KeywordExecutor.groovy:74)
	at com.kms.katalon.core.webui.keyword.WebUiBuiltInKeywords.click(WebUiBuiltInKeywords.groovy:620)
	at com.kms.katalon.core.webui.keyword.WebUiBuiltInKeywords$click$3.call(Unknown Source)
	at topup with bank transfer.run(topup with bank transfer:48)
	at com.kms.katalon.core.main.ScriptEngine.run(ScriptEngine.java:194)
	at com.kms.katalon.core.main.ScriptEngine.runScriptAsRawText(ScriptEngine.java:119)
	at com.kms.katalon.core.main.TestCaseExecutor.runScript(TestCaseExecutor.java:448)
	at com.kms.katalon.core.main.TestCaseExecutor.doExecute(TestCaseExecutor.java:439)
	at com.kms.katalon.core.main.TestCaseExecutor.processExecutionPhase(TestCaseExecutor.java:418)
	at com.kms.katalon.core.main.TestCaseExecutor.accessMainPhase(TestCaseExecutor.java:410)
	at com.kms.katalon.core.main.TestCaseExecutor.execute(TestCaseExecutor.java:285)
	at com.kms.katalon.core.common.CommonExecutor.accessTestCaseMainPhase(CommonExecutor.java:65)
	at com.kms.katalon.core.main.TestSuiteExecutor.accessTestSuiteMainPhase(TestSuiteExecutor.java:148)
	at com.kms.katalon.core.main.TestSuiteExecutor.execute(TestSuiteExecutor.java:106)
	at com.kms.katalon.core.main.TestCaseMain.startTestSuite(TestCaseMain.java:187)
	at com.kms.katalon.core.main.TestCaseMain$startTestSuite$0.call(Unknown Source)
	at TempTestSuite1707100070750.run(TempTestSuite1707100070750.groovy:36)
Caused by: com.kms.katalon.core.webui.exception.WebElementNotFoundException: Web element with id: 'Object Repository/Page_Pembayaran  Resellerindo/button_Lanjutkan Step Selanjutnya' located by '//button[@id='go_to_next_page']' not found
	at com.kms.katalon.core.webui.common.WebUiCommonHelper.findWebElement(WebUiCommonHelper.java:1381)
	at com.kms.katalon.core.webui.keyword.internal.WebUIAbstractKeyword.findWebElement(WebUIAbstractKeyword.groovy:27)
	at com.kms.katalon.core.webui.keyword.builtin.ClickKeyword$_click_closure1.doCall(ClickKeyword.groovy:65)
	at com.kms.katalon.core.webui.keyword.builtin.ClickKeyword$_click_closure1.call(ClickKeyword.groovy)
	at com.kms.katalon.core.webui.keyword.internal.WebUIKeywordMain.runKeyword(WebUIKeywordMain.groovy:20)
	... 19 more
"/>
         <system-out><![CDATA[2024-02-05 09:30:33 - [TEST_CASE][FAILED] - Test Cases/topup with bank transfer: Test Cases/topup with bank transfer FAILED.
Reason:
com.kms.katalon.core.exception.StepFailedException: Unable to click on object 'Object Repository/Page_Pembayaran  Resellerindo/button_Lanjutkan Step Selanjutnya'
	at com.kms.katalon.core.webui.keyword.internal.WebUIKeywordMain.stepFailed(WebUIKeywordMain.groovy:64)
	at com.kms.katalon.core.webui.keyword.internal.WebUIKeywordMain.runKeyword(WebUIKeywordMain.groovy:26)
	at com.kms.katalon.core.webui.keyword.builtin.ClickKeyword.click(ClickKeyword.groovy:74)
	at com.kms.katalon.core.webui.keyword.builtin.ClickKeyword.execute(ClickKeyword.groovy:40)
	at com.kms.katalon.core.keyword.internal.KeywordExecutor.executeKeywordForPlatform(KeywordExecutor.groovy:74)
	at com.kms.katalon.core.webui.keyword.WebUiBuiltInKeywords.click(WebUiBuiltInKeywords.groovy:620)
	at com.kms.katalon.core.webui.keyword.WebUiBuiltInKeywords$click$3.call(Unknown Source)
	at topup with bank transfer.run(topup with bank transfer:48)
	at com.kms.katalon.core.main.ScriptEngine.run(ScriptEngine.java:194)
	at com.kms.katalon.core.main.ScriptEngine.runScriptAsRawText(ScriptEngine.java:119)
	at com.kms.katalon.core.main.TestCaseExecutor.runScript(TestCaseExecutor.java:448)
	at com.kms.katalon.core.main.TestCaseExecutor.doExecute(TestCaseExecutor.java:439)
	at com.kms.katalon.core.main.TestCaseExecutor.processExecutionPhase(TestCaseExecutor.java:418)
	at com.kms.katalon.core.main.TestCaseExecutor.accessMainPhase(TestCaseExecutor.java:410)
	at com.kms.katalon.core.main.TestCaseExecutor.execute(TestCaseExecutor.java:285)
	at com.kms.katalon.core.common.CommonExecutor.accessTestCaseMainPhase(CommonExecutor.java:65)
	at com.kms.katalon.core.main.TestSuiteExecutor.accessTestSuiteMainPhase(TestSuiteExecutor.java:148)
	at com.kms.katalon.core.main.TestSuiteExecutor.execute(TestSuiteExecutor.java:106)
	at com.kms.katalon.core.main.TestCaseMain.startTestSuite(TestCaseMain.java:187)
	at com.kms.katalon.core.main.TestCaseMain$startTestSuite$0.call(Unknown Source)
	at TempTestSuite1707100070750.run(TempTestSuite1707100070750.groovy:36)
Caused by: com.kms.katalon.core.webui.exception.WebElementNotFoundException: Web element with id: 'Object Repository/Page_Pembayaran  Resellerindo/button_Lanjutkan Step Selanjutnya' located by '//button[@id='go_to_next_page']' not found
	at com.kms.katalon.core.webui.common.WebUiCommonHelper.findWebElement(WebUiCommonHelper.java:1381)
	at com.kms.katalon.core.webui.keyword.internal.WebUIAbstractKeyword.findWebElement(WebUIAbstractKeyword.groovy:27)
	at com.kms.katalon.core.webui.keyword.builtin.ClickKeyword$_click_closure1.doCall(ClickKeyword.groovy:65)
	at com.kms.katalon.core.webui.keyword.builtin.ClickKeyword$_click_closure1.call(ClickKeyword.groovy)
	at com.kms.katalon.core.webui.keyword.internal.WebUIKeywordMain.runKeyword(WebUIKeywordMain.groovy:20)
	... 19 more


2024-02-05 09:30:33 - [TEST_STEP][PASSED] - openBrowser(""): Browser is opened with url: ''

2024-02-05 09:30:33 - [MESSAGE][WARNING] - A browser is already opened. Closing browser and opening a new one

2024-02-05 09:30:34 - [MESSAGE][INFO] - Starting 'Chrome' driver

2024-02-05 09:30:34 - [MESSAGE][INFO] - Action delay is set to 0 milliseconds

2024-02-05 09:30:35 - [MESSAGE][PASSED] - Browser is opened with url: ''

2024-02-05 09:30:35 - [TEST_STEP][PASSED] - navigateToUrl("https://rs-dev.promosindo.web.id/"): Navigate to 'https://rs-dev.promosindo.web.id/' successfully

2024-02-05 09:30:36 - [MESSAGE][PASSED] - Navigate to 'https://rs-dev.promosindo.web.id/' successfully

2024-02-05 09:30:36 - [TEST_STEP][PASSED] - setText(findTestObject("Object Repository/Page_Resellerindo - Masuk SMM Panel Resellerindo/input_face_username_a"), "primalisti"): Text 'primalisti' is set on object 'Object Repository/Page_Resellerindo - Masuk SMM Panel Resellerindo/input_face_username_a'

2024-02-05 09:30:37 - [MESSAGE][PASSED] - Text 'primalisti' is set on object 'Object Repository/Page_Resellerindo - Masuk SMM Panel Resellerindo/input_face_username_a'

2024-02-05 09:30:37 - [TEST_STEP][PASSED] - setEncryptedText(findTestObject("Object Repository/Page_Resellerindo - Masuk SMM Panel Resellerindo/input_lock_outline_password_a"), "ZxFguJnQseeHukWJJhGuHA=="): Text ****** has been set on object 'Object Repository/Page_Resellerindo - Masuk SMM Panel Resellerindo/input_lock_outline_password_a'

2024-02-05 09:30:38 - [MESSAGE][PASSED] - Text ****** has been set on object 'Object Repository/Page_Resellerindo - Masuk SMM Panel Resellerindo/input_lock_outline_password_a'

2024-02-05 09:30:38 - [TEST_STEP][PASSED] - click(findTestObject("Object Repository/Page_Resellerindo - Masuk SMM Panel Resellerindo/div_Masuk")): Object: 'Object Repository/Page_Resellerindo - Masuk SMM Panel Resellerindo/div_Masuk' is clicked on

2024-02-05 09:30:38 - [MESSAGE][PASSED] - Object: 'Object Repository/Page_Resellerindo - Masuk SMM Panel Resellerindo/div_Masuk' is clicked on

2024-02-05 09:30:38 - [TEST_STEP][PASSED] - click(findTestObject("Object Repository/Page_Dasbor  Resellerindo/button_Close")): Object: 'Object Repository/Page_Dasbor  Resellerindo/button_Close' is clicked on

2024-02-05 09:30:43 - [MESSAGE][PASSED] - Object: 'Object Repository/Page_Dasbor  Resellerindo/button_Close' is clicked on

2024-02-05 09:30:43 - [TEST_STEP][PASSED] - click(findTestObject("Object Repository/Page_Dasbor  Resellerindo/span_")): Object: 'Object Repository/Page_Dasbor  Resellerindo/span_' is clicked on

2024-02-05 09:30:44 - [MESSAGE][PASSED] - Object: 'Object Repository/Page_Dasbor  Resellerindo/span_' is clicked on

2024-02-05 09:30:44 - [TEST_STEP][PASSED] - click(findTestObject("Object Repository/Page_Dasbor  Resellerindo/i_Simpan_fas fa-times")): Object: 'Object Repository/Page_Dasbor  Resellerindo/i_Simpan_fas fa-times' is clicked on

2024-02-05 09:30:45 - [MESSAGE][PASSED] - Object: 'Object Repository/Page_Dasbor  Resellerindo/i_Simpan_fas fa-times' is clicked on

2024-02-05 09:30:45 - [TEST_STEP][PASSED] - click(findTestObject("Object Repository/Page_Dasbor  Resellerindo/p_Tambah Saldo")): Object: 'Object Repository/Page_Dasbor  Resellerindo/p_Tambah Saldo' is clicked on

2024-02-05 09:30:48 - [MESSAGE][PASSED] - Object: 'Object Repository/Page_Dasbor  Resellerindo/p_Tambah Saldo' is clicked on

2024-02-05 09:30:48 - [TEST_STEP][PASSED] - setText(findTestObject("Object Repository/Page_Pembayaran  Resellerindo/input_Rp_nominal"), "10000"): Text '10000' is set on object 'Object Repository/Page_Pembayaran  Resellerindo/input_Rp_nominal'

2024-02-05 09:30:48 - [MESSAGE][PASSED] - Text '10000' is set on object 'Object Repository/Page_Pembayaran  Resellerindo/input_Rp_nominal'

2024-02-05 09:30:48 - [TEST_STEP][PASSED] - click(findTestObject("Object Repository/Page_Pembayaran  Resellerindo/button_Pesan")): Object: 'Object Repository/Page_Pembayaran  Resellerindo/button_Pesan' is clicked on

2024-02-05 09:30:49 - [MESSAGE][PASSED] - Object: 'Object Repository/Page_Pembayaran  Resellerindo/button_Pesan' is clicked on

2024-02-05 09:30:49 - [TEST_STEP][PASSED] - click(findTestObject("Object Repository/Page_Pembayaran  Resellerindo/i_keyboard_arrow_down")): Object: 'Object Repository/Page_Pembayaran  Resellerindo/i_keyboard_arrow_down' is clicked on

2024-02-05 09:30:50 - [MESSAGE][PASSED] - Object: 'Object Repository/Page_Pembayaran  Resellerindo/i_keyboard_arrow_down' is clicked on

2024-02-05 09:30:50 - [TEST_STEP][PASSED] - click(findTestObject("Object Repository/Page_Pembayaran  Resellerindo/i_keyboard_arrow_right")): Object: 'Object Repository/Page_Pembayaran  Resellerindo/i_keyboard_arrow_right' is clicked on

2024-02-05 09:30:51 - [MESSAGE][PASSED] - Object: 'Object Repository/Page_Pembayaran  Resellerindo/i_keyboard_arrow_right' is clicked on

2024-02-05 09:30:51 - [TEST_STEP][FAILED] - click(findTestObject("Object Repository/Page_Pembayaran  Resellerindo/button_Lanjutkan Step Selanjutnya")): Unable to click on object 'Object Repository/Page_Pembayaran  Resellerindo/button_Lanjutkan Step Selanjutnya' (Root cause: com.kms.katalon.core.exception.StepFailedException: Unable to click on object 'Object Repository/Page_Pembayaran  Resellerindo/button_Lanjutkan Step Selanjutnya'
	at com.kms.katalon.core.webui.keyword.internal.WebUIKeywordMain.stepFailed(WebUIKeywordMain.groovy:64)
	at com.kms.katalon.core.webui.keyword.internal.WebUIKeywordMain.runKeyword(WebUIKeywordMain.groovy:26)
	at com.kms.katalon.core.webui.keyword.builtin.ClickKeyword.click(ClickKeyword.groovy:74)
	at com.kms.katalon.core.webui.keyword.builtin.ClickKeyword.execute(ClickKeyword.groovy:40)
	at com.kms.katalon.core.keyword.internal.KeywordExecutor.executeKeywordForPlatform(KeywordExecutor.groovy:74)
	at com.kms.katalon.core.webui.keyword.WebUiBuiltInKeywords.click(WebUiBuiltInKeywords.groovy:620)
	at com.kms.katalon.core.webui.keyword.WebUiBuiltInKeywords$click$3.call(Unknown Source)
	at topup with bank transfer.run(topup with bank transfer:48)
	at com.kms.katalon.core.main.ScriptEngine.run(ScriptEngine.java:194)
	at com.kms.katalon.core.main.ScriptEngine.runScriptAsRawText(ScriptEngine.java:119)
	at com.kms.katalon.core.main.TestCaseExecutor.runScript(TestCaseExecutor.java:448)
	at com.kms.katalon.core.main.TestCaseExecutor.doExecute(TestCaseExecutor.java:439)
	at com.kms.katalon.core.main.TestCaseExecutor.processExecutionPhase(TestCaseExecutor.java:418)
	at com.kms.katalon.core.main.TestCaseExecutor.accessMainPhase(TestCaseExecutor.java:410)
	at com.kms.katalon.core.main.TestCaseExecutor.execute(TestCaseExecutor.java:285)
	at com.kms.katalon.core.common.CommonExecutor.accessTestCaseMainPhase(CommonExecutor.java:65)
	at com.kms.katalon.core.main.TestSuiteExecutor.accessTestSuiteMainPhase(TestSuiteExecutor.java:148)
	at com.kms.katalon.core.main.TestSuiteExecutor.execute(TestSuiteExecutor.java:106)
	at com.kms.katalon.core.main.TestCaseMain.startTestSuite(TestCaseMain.java:187)
	at com.kms.katalon.core.main.TestCaseMain$startTestSuite$0.call(Unknown Source)
	at TempTestSuite1707100070750.run(TempTestSuite1707100070750.groovy:36)
Caused by: com.kms.katalon.core.webui.exception.WebElementNotFoundException: Web element with id: 'Object Repository/Page_Pembayaran  Resellerindo/button_Lanjutkan Step Selanjutnya' located by '//button[@id='go_to_next_page']' not found
	at com.kms.katalon.core.webui.common.WebUiCommonHelper.findWebElement(WebUiCommonHelper.java:1381)
	at com.kms.katalon.core.webui.keyword.internal.WebUIAbstractKeyword.findWebElement(WebUIAbstractKeyword.groovy:27)
	at com.kms.katalon.core.webui.keyword.builtin.ClickKeyword$_click_closure1.doCall(ClickKeyword.groovy:65)
	at com.kms.katalon.core.webui.keyword.builtin.ClickKeyword$_click_closure1.call(ClickKeyword.groovy)
	at com.kms.katalon.core.webui.keyword.internal.WebUIKeywordMain.runKeyword(WebUIKeywordMain.groovy:20)
	at com.kms.katalon.core.webui.keyword.builtin.ClickKeyword.click(ClickKeyword.groovy:74)
	at com.kms.katalon.core.webui.keyword.builtin.ClickKeyword.execute(ClickKeyword.groovy:40)
	at com.kms.katalon.core.keyword.internal.KeywordExecutor.executeKeywordForPlatform(KeywordExecutor.groovy:74)
	at com.kms.katalon.core.webui.keyword.WebUiBuiltInKeywords.click(WebUiBuiltInKeywords.groovy:620)
	at com.kms.katalon.core.webui.keyword.WebUiBuiltInKeywords$click$3.call(Unknown Source)
	at Script1706930356155.run(Script1706930356155.groovy:48)
	... 13 more
)

2024-02-05 09:31:22 - [MESSAGE][INFO] - Unable to find the element located by 'By.xpath: //button[@id='go_to_next_page']'. Please recheck the objects properties to make sure the desired element is located. 

2024-02-05 09:31:22 - [MESSAGE][FAILED] - Unable to click on object 'Object Repository/Page_Pembayaran  Resellerindo/button_Lanjutkan Step Selanjutnya' (Root cause: com.kms.katalon.core.exception.StepFailedException: Unable to click on object 'Object Repository/Page_Pembayaran  Resellerindo/button_Lanjutkan Step Selanjutnya'
	at com.kms.katalon.core.webui.keyword.internal.WebUIKeywordMain.stepFailed(WebUIKeywordMain.groovy:64)
	at com.kms.katalon.core.webui.keyword.internal.WebUIKeywordMain.runKeyword(WebUIKeywordMain.groovy:26)
	at com.kms.katalon.core.webui.keyword.builtin.ClickKeyword.click(ClickKeyword.groovy:74)
	at com.kms.katalon.core.webui.keyword.builtin.ClickKeyword.execute(ClickKeyword.groovy:40)
	at com.kms.katalon.core.keyword.internal.KeywordExecutor.executeKeywordForPlatform(KeywordExecutor.groovy:74)
	at com.kms.katalon.core.webui.keyword.WebUiBuiltInKeywords.click(WebUiBuiltInKeywords.groovy:620)
	at com.kms.katalon.core.webui.keyword.WebUiBuiltInKeywords$click$3.call(Unknown Source)
	at topup with bank transfer.run(topup with bank transfer:48)
	at com.kms.katalon.core.main.ScriptEngine.run(ScriptEngine.java:194)
	at com.kms.katalon.core.main.ScriptEngine.runScriptAsRawText(ScriptEngine.java:119)
	at com.kms.katalon.core.main.TestCaseExecutor.runScript(TestCaseExecutor.java:448)
	at com.kms.katalon.core.main.TestCaseExecutor.doExecute(TestCaseExecutor.java:439)
	at com.kms.katalon.core.main.TestCaseExecutor.processExecutionPhase(TestCaseExecutor.java:418)
	at com.kms.katalon.core.main.TestCaseExecutor.accessMainPhase(TestCaseExecutor.java:410)
	at com.kms.katalon.core.main.TestCaseExecutor.execute(TestCaseExecutor.java:285)
	at com.kms.katalon.core.common.CommonExecutor.accessTestCaseMainPhase(CommonExecutor.java:65)
	at com.kms.katalon.core.main.TestSuiteExecutor.accessTestSuiteMainPhase(TestSuiteExecutor.java:148)
	at com.kms.katalon.core.main.TestSuiteExecutor.execute(TestSuiteExecutor.java:106)
	at com.kms.katalon.core.main.TestCaseMain.startTestSuite(TestCaseMain.java:187)
	at com.kms.katalon.core.main.TestCaseMain$startTestSuite$0.call(Unknown Source)
	at TempTestSuite1707100070750.run(TempTestSuite1707100070750.groovy:36)
Caused by: com.kms.katalon.core.webui.exception.WebElementNotFoundException: Web element with id: 'Object Repository/Page_Pembayaran  Resellerindo/button_Lanjutkan Step Selanjutnya' located by '//button[@id='go_to_next_page']' not found
	at com.kms.katalon.core.webui.common.WebUiCommonHelper.findWebElement(WebUiCommonHelper.java:1381)
	at com.kms.katalon.core.webui.keyword.internal.WebUIAbstractKeyword.findWebElement(WebUIAbstractKeyword.groovy:27)
	at com.kms.katalon.core.webui.keyword.builtin.ClickKeyword$_click_closure1.doCall(ClickKeyword.groovy:65)
	at com.kms.katalon.core.webui.keyword.builtin.ClickKeyword$_click_closure1.call(ClickKeyword.groovy)
	at com.kms.katalon.core.webui.keyword.internal.WebUIKeywordMain.runKeyword(WebUIKeywordMain.groovy:20)
	at com.kms.katalon.core.webui.keyword.builtin.ClickKeyword.click(ClickKeyword.groovy:74)
	at com.kms.katalon.core.webui.keyword.builtin.ClickKeyword.execute(ClickKeyword.groovy:40)
	at com.kms.katalon.core.keyword.internal.KeywordExecutor.executeKeywordForPlatform(KeywordExecutor.groovy:74)
	at com.kms.katalon.core.webui.keyword.WebUiBuiltInKeywords.click(WebUiBuiltInKeywords.groovy:620)
	at com.kms.katalon.core.webui.keyword.WebUiBuiltInKeywords$click$3.call(Unknown Source)
	at Script1706930356155.run(Script1706930356155.groovy:48)
	... 13 more
)
[[ATTACHMENT|C:\\Users\\ASUS VivoBook 14\\Katalon Studio\\Testing topup resellerindo\\Reports\\20240205_092749\\topup\\20240205_092750\\1707100282090.png]]]]></system-out>
         <system-err><![CDATA[2024-02-05 09:30:33 - [TEST_CASE][FAILED] - Test Cases/topup with bank transfer: Test Cases/topup with bank transfer FAILED.
Reason:
com.kms.katalon.core.exception.StepFailedException: Unable to click on object 'Object Repository/Page_Pembayaran  Resellerindo/button_Lanjutkan Step Selanjutnya'
	at com.kms.katalon.core.webui.keyword.internal.WebUIKeywordMain.stepFailed(WebUIKeywordMain.groovy:64)
	at com.kms.katalon.core.webui.keyword.internal.WebUIKeywordMain.runKeyword(WebUIKeywordMain.groovy:26)
	at com.kms.katalon.core.webui.keyword.builtin.ClickKeyword.click(ClickKeyword.groovy:74)
	at com.kms.katalon.core.webui.keyword.builtin.ClickKeyword.execute(ClickKeyword.groovy:40)
	at com.kms.katalon.core.keyword.internal.KeywordExecutor.executeKeywordForPlatform(KeywordExecutor.groovy:74)
	at com.kms.katalon.core.webui.keyword.WebUiBuiltInKeywords.click(WebUiBuiltInKeywords.groovy:620)
	at com.kms.katalon.core.webui.keyword.WebUiBuiltInKeywords$click$3.call(Unknown Source)
	at topup with bank transfer.run(topup with bank transfer:48)
	at com.kms.katalon.core.main.ScriptEngine.run(ScriptEngine.java:194)
	at com.kms.katalon.core.main.ScriptEngine.runScriptAsRawText(ScriptEngine.java:119)
	at com.kms.katalon.core.main.TestCaseExecutor.runScript(TestCaseExecutor.java:448)
	at com.kms.katalon.core.main.TestCaseExecutor.doExecute(TestCaseExecutor.java:439)
	at com.kms.katalon.core.main.TestCaseExecutor.processExecutionPhase(TestCaseExecutor.java:418)
	at com.kms.katalon.core.main.TestCaseExecutor.accessMainPhase(TestCaseExecutor.java:410)
	at com.kms.katalon.core.main.TestCaseExecutor.execute(TestCaseExecutor.java:285)
	at com.kms.katalon.core.common.CommonExecutor.accessTestCaseMainPhase(CommonExecutor.java:65)
	at com.kms.katalon.core.main.TestSuiteExecutor.accessTestSuiteMainPhase(TestSuiteExecutor.java:148)
	at com.kms.katalon.core.main.TestSuiteExecutor.execute(TestSuiteExecutor.java:106)
	at com.kms.katalon.core.main.TestCaseMain.startTestSuite(TestCaseMain.java:187)
	at com.kms.katalon.core.main.TestCaseMain$startTestSuite$0.call(Unknown Source)
	at TempTestSuite1707100070750.run(TempTestSuite1707100070750.groovy:36)
Caused by: com.kms.katalon.core.webui.exception.WebElementNotFoundException: Web element with id: 'Object Repository/Page_Pembayaran  Resellerindo/button_Lanjutkan Step Selanjutnya' located by '//button[@id='go_to_next_page']' not found
	at com.kms.katalon.core.webui.common.WebUiCommonHelper.findWebElement(WebUiCommonHelper.java:1381)
	at com.kms.katalon.core.webui.keyword.internal.WebUIAbstractKeyword.findWebElement(WebUIAbstractKeyword.groovy:27)
	at com.kms.katalon.core.webui.keyword.builtin.ClickKeyword$_click_closure1.doCall(ClickKeyword.groovy:65)
	at com.kms.katalon.core.webui.keyword.builtin.ClickKeyword$_click_closure1.call(ClickKeyword.groovy)
	at com.kms.katalon.core.webui.keyword.internal.WebUIKeywordMain.runKeyword(WebUIKeywordMain.groovy:20)
	... 19 more]]></system-err>
      </testcase>
      <system-out><![CDATA[2024-02-05 09:27:58 - [TEST_SUITE][FAILED] - topup: Test Cases/topup with voucher FAILED.
Reason:
com.kms.katalon.core.exception.StepFailedException: Unable to click on object 'Object Repository/Page_Pembayaran  Resellerindo/button_Lanjutkan Step Selanjutnya'
	at com.kms.katalon.core.webui.keyword.internal.WebUIKeywordMain.stepFailed(WebUIKeywordMain.groovy:64)
	at com.kms.katalon.core.webui.keyword.internal.WebUIKeywordMain.runKeyword(WebUIKeywordMain.groovy:26)
	at com.kms.katalon.core.webui.keyword.builtin.ClickKeyword.click(ClickKeyword.groovy:74)
	at com.kms.katalon.core.webui.keyword.builtin.ClickKeyword.execute(ClickKeyword.groovy:40)
	at com.kms.katalon.core.keyword.internal.KeywordExecutor.executeKeywordForPlatform(KeywordExecutor.groovy:74)
	at com.kms.katalon.core.webui.keyword.WebUiBuiltInKeywords.click(WebUiBuiltInKeywords.groovy:620)
	at com.kms.katalon.core.webui.keyword.WebUiBuiltInKeywords$click$3.call(Unknown Source)
	at topup with voucher.run(topup with voucher:52)
	at com.kms.katalon.core.main.ScriptEngine.run(ScriptEngine.java:194)
	at com.kms.katalon.core.main.ScriptEngine.runScriptAsRawText(ScriptEngine.java:119)
	at com.kms.katalon.core.main.TestCaseExecutor.runScript(TestCaseExecutor.java:448)
	at com.kms.katalon.core.main.TestCaseExecutor.doExecute(TestCaseExecutor.java:439)
	at com.kms.katalon.core.main.TestCaseExecutor.processExecutionPhase(TestCaseExecutor.java:418)
	at com.kms.katalon.core.main.TestCaseExecutor.accessMainPhase(TestCaseExecutor.java:410)
	at com.kms.katalon.core.main.TestCaseExecutor.execute(TestCaseExecutor.java:285)
	at com.kms.katalon.core.common.CommonExecutor.accessTestCaseMainPhase(CommonExecutor.java:65)
	at com.kms.katalon.core.main.TestSuiteExecutor.accessTestSuiteMainPhase(TestSuiteExecutor.java:148)
	at com.kms.katalon.core.main.TestSuiteExecutor.execute(TestSuiteExecutor.java:106)
	at com.kms.katalon.core.main.TestCaseMain.startTestSuite(TestCaseMain.java:187)
	at com.kms.katalon.core.main.TestCaseMain$startTestSuite$0.call(Unknown Source)
	at TempTestSuite1707100070750.run(TempTestSuite1707100070750.groovy:36)
Caused by: com.kms.katalon.core.webui.exception.WebElementNotFoundException: Web element with id: 'Object Repository/Page_Pembayaran  Resellerindo/button_Lanjutkan Step Selanjutnya' located by '//button[@id='go_to_next_page']' not found
	at com.kms.katalon.core.webui.common.WebUiCommonHelper.findWebElement(WebUiCommonHelper.java:1381)
	at com.kms.katalon.core.webui.keyword.internal.WebUIAbstractKeyword.findWebElement(WebUIAbstractKeyword.groovy:27)
	at com.kms.katalon.core.webui.keyword.builtin.ClickKeyword$_click_closure1.doCall(ClickKeyword.groovy:65)
	at com.kms.katalon.core.webui.keyword.builtin.ClickKeyword$_click_closure1.call(ClickKeyword.groovy)
	at com.kms.katalon.core.webui.keyword.internal.WebUIKeywordMain.runKeyword(WebUIKeywordMain.groovy:20)
	... 19 more]]></system-out>
      <system-err><![CDATA[2024-02-05 09:27:58 - [TEST_SUITE][FAILED] - topup: Test Cases/topup with voucher FAILED.
Reason:
com.kms.katalon.core.exception.StepFailedException: Unable to click on object 'Object Repository/Page_Pembayaran  Resellerindo/button_Lanjutkan Step Selanjutnya'
	at com.kms.katalon.core.webui.keyword.internal.WebUIKeywordMain.stepFailed(WebUIKeywordMain.groovy:64)
	at com.kms.katalon.core.webui.keyword.internal.WebUIKeywordMain.runKeyword(WebUIKeywordMain.groovy:26)
	at com.kms.katalon.core.webui.keyword.builtin.ClickKeyword.click(ClickKeyword.groovy:74)
	at com.kms.katalon.core.webui.keyword.builtin.ClickKeyword.execute(ClickKeyword.groovy:40)
	at com.kms.katalon.core.keyword.internal.KeywordExecutor.executeKeywordForPlatform(KeywordExecutor.groovy:74)
	at com.kms.katalon.core.webui.keyword.WebUiBuiltInKeywords.click(WebUiBuiltInKeywords.groovy:620)
	at com.kms.katalon.core.webui.keyword.WebUiBuiltInKeywords$click$3.call(Unknown Source)
	at topup with voucher.run(topup with voucher:52)
	at com.kms.katalon.core.main.ScriptEngine.run(ScriptEngine.java:194)
	at com.kms.katalon.core.main.ScriptEngine.runScriptAsRawText(ScriptEngine.java:119)
	at com.kms.katalon.core.main.TestCaseExecutor.runScript(TestCaseExecutor.java:448)
	at com.kms.katalon.core.main.TestCaseExecutor.doExecute(TestCaseExecutor.java:439)
	at com.kms.katalon.core.main.TestCaseExecutor.processExecutionPhase(TestCaseExecutor.java:418)
	at com.kms.katalon.core.main.TestCaseExecutor.accessMainPhase(TestCaseExecutor.java:410)
	at com.kms.katalon.core.main.TestCaseExecutor.execute(TestCaseExecutor.java:285)
	at com.kms.katalon.core.common.CommonExecutor.accessTestCaseMainPhase(CommonExecutor.java:65)
	at com.kms.katalon.core.main.TestSuiteExecutor.accessTestSuiteMainPhase(TestSuiteExecutor.java:148)
	at com.kms.katalon.core.main.TestSuiteExecutor.execute(TestSuiteExecutor.java:106)
	at com.kms.katalon.core.main.TestCaseMain.startTestSuite(TestCaseMain.java:187)
	at com.kms.katalon.core.main.TestCaseMain$startTestSuite$0.call(Unknown Source)
	at TempTestSuite1707100070750.run(TempTestSuite1707100070750.groovy:36)
Caused by: com.kms.katalon.core.webui.exception.WebElementNotFoundException: Web element with id: 'Object Repository/Page_Pembayaran  Resellerindo/button_Lanjutkan Step Selanjutnya' located by '//button[@id='go_to_next_page']' not found
	at com.kms.katalon.core.webui.common.WebUiCommonHelper.findWebElement(WebUiCommonHelper.java:1381)
	at com.kms.katalon.core.webui.keyword.internal.WebUIAbstractKeyword.findWebElement(WebUIAbstractKeyword.groovy:27)
	at com.kms.katalon.core.webui.keyword.builtin.ClickKeyword$_click_closure1.doCall(ClickKeyword.groovy:65)
	at com.kms.katalon.core.webui.keyword.builtin.ClickKeyword$_click_closure1.call(ClickKeyword.groovy)
	at com.kms.katalon.core.webui.keyword.internal.WebUIKeywordMain.runKeyword(WebUIKeywordMain.groovy:20)
	... 19 more]]></system-err>
   </testsuite>
</testsuites>
